<?xml version="1.0" encoding="UTF-8" standalone="no"?><testsuite errors="0" failures="0" name="Gestión de productos en la tienda &quot;Your Store&quot;" skipped="0" tests="5" time="3.63" timestamp="2025-02-23 01:45:30"><testcase name="Consultar todos los productos de la categoría &quot;electronics&quot;"/><testcase name="Consultar los datos de un producto específico"/><testcase name="Crear un nuevo producto"/><testcase name="Actualizar la imagen de un producto creado"/><testcase name="Eliminar los productos con valor menor a 100"/></testsuite>